<?xml version="1.0" encoding="UTF-8"?>
<!-- Generated by org.testng.reporters.JUnitXMLReporter -->
<testsuite hostname="LAPTOP-5846SF8B" ignored="0" name="CnnHome" tests="10" failures="0" timestamp="05 Oct 2019 11:07:02 GMT" time="37.785" errors="0">
  <testcase name="clickOnMarket" time="5.927" classname="testhompage.TestHomPage"/>
  <testcase name="homebuttontest" time="0.124" classname="testhompage.TestHomPage"/>
  <testcase name="imageTesting1" time="2.505" classname="testhompage.TestHomPage"/>
  <testcase name="menubtn" time="1.258" classname="testhompage.TestHomPage"/>
  <testcase name="nikeTraging" time="6.796" classname="testhompage.TestHomPage"/>
  <testcase name="testCurrentUrl" time="0.07" classname="testhompage.TestHomPage"/>
  <testcase name="testParenting" time="1.839" classname="testhompage.TestHomPage"/>
  <testcase name="testSetBottomPoliticsCongress" time="3.492" classname="testhompage.TestHomPage"/>
  <testcase name="testSetBottomWorldAsianews" time="1.495" classname="testhompage.TestHomPage"/>
  <testcase name="testSetFirstIMG" time="1.548" classname="testhompage.TestHomPage"/>
</testsuite> <!-- CnnHome -->
